<html>
<head>
<title>TestNG:  open in chrome</title>
<link href="../testng.css" rel="stylesheet" type="text/css" />
<link href="../my-testng.css" rel="stylesheet" type="text/css" />

<style type="text/css">
.log { display: none;} 
.stack-trace { display: none;} 
</style>
<script type="text/javascript">
<!--
function flip(e) {
  current = e.style.display;
  if (current == 'block') {
    e.style.display = 'none';
    return 0;
  }
  else {
    e.style.display = 'block';
    return 1;
  }
}

function toggleBox(szDivId, elem, msg1, msg2)
{
  var res = -1;  if (document.getElementById) {
    res = flip(document.getElementById(szDivId));
  }
  else if (document.all) {
    // this is the way old msie versions work
    res = flip(document.all[szDivId]);
  }
  if(elem) {
    if(res == 0) elem.innerHTML = msg1; else elem.innerHTML = msg2;
  }

}

function toggleAllBoxes() {
  if (document.getElementsByTagName) {
    d = document.getElementsByTagName('div');
    for (i = 0; i < d.length; i++) {
      if (d[i].className == 'log') {
        flip(d[i]);
      }
    }
  }
}

// -->
</script>

</head>
<body>
<h2 align='center'>open in chrome</h2><table border='1' align="center">
<tr>
<td>Tests passed/Failed/Skipped:</td><td>11/5/0</td>
</tr><tr>
<td>Started on:</td><td>Thu Feb 18 11:26:19 IST 2021</td>
</tr>
<tr><td>Total time:</td><td>803 seconds (803930 ms)</td>
</tr><tr>
<td>Included groups:</td><td></td>
</tr><tr>
<td>Excluded groups:</td><td></td>
</tr>
</table><p/>
<small><i>(Hover the method name to see the test class name)</i></small><p/>
<table width='100%' border='1' class='invocation-failed'>
<tr><td colspan='4' align='center'><b>FAILED CONFIGURATIONS</b></td></tr>
<tr><td><b>Test method</b></td>
<td width="30%"><b>Exception</b></td>
<td width="10%"><b>Time (seconds)</b></td>
<td><b>Instance</b></td>
</tr>
<tr>
<td title='Marketing_Project.Customer_Update.logout()'><b>logout</b><br>Test class: Marketing_Project.Customer_Update</td>
<td><div><pre>org.openqa.selenium.ElementClickInterceptedException: Element &lt;i class=&quot;icon-user&quot;&gt; is not clickable at point (1329,20) because another element &lt;div id=&quot;createCyclePopup&quot; class=&quot;modal fade  in&quot;&gt; obscures it
Build info: version: &apos;3.141.59&apos;, revision: &apos;e82be7d358&apos;, time: &apos;2018-11-14T08:25:53&apos;
System info: host: &apos;DESKTOP-Q496GAK&apos;, ip: &apos;172.16.5.160&apos;, os.name: &apos;Windows 10&apos;, os.arch: &apos;amd64&apos;, os.version: &apos;10.0&apos;, java.version: &apos;1.8.0_201&apos;
Driver info: org.openqa.selenium.firefox.FirefoxDriver
Capabilities {acceptInsecureCerts: true, browserName: firefox, browserVersion: 85.0.2, javascriptEnabled: true, moz:accessibilityChecks: false, moz:buildID: 20210208133944, moz:geckodriverVersion: 0.29.0, moz:headless: false, moz:processID: 11680, moz:profile: C:\Users\Lenovo\AppData\Loc..., moz:shutdownTimeout: 60000, moz:useNonSpecCompliantPointerOrigin: false, moz:webdriverClick: true, pageLoadStrategy: normal, platform: WINDOWS, platformName: WINDOWS, platformVersion: 10.0, rotatable: false, setWindowRect: true, strictFileInteractability: false, timeouts: {implicit: 0, pageLoad: 300000, script: 30000}, unhandledPromptBehavior: dismiss and notify}
Session ID: 475a8ef4-2eb8-4bd6-bb27-6baf85c3efe5
	at org.openqa.selenium.remote.http.W3CHttpResponseCodec.createException(W3CHttpResponseCodec.java:187)
	at org.openqa.selenium.remote.http.W3CHttpResponseCodec.decode(W3CHttpResponseCodec.java:122)
	at org.openqa.selenium.remote.http.W3CHttpResponseCodec.decode(W3CHttpResponseCodec.java:49)
	at org.openqa.selenium.remote.HttpCommandExecutor.execute(HttpCommandExecutor.java:158)
	at org.openqa.selenium.remote.service.DriverCommandExecutor.execute(DriverCommandExecutor.java:83)
	at org.openqa.selenium.remote.RemoteWebDriver.execute(RemoteWebDriver.java:552)
	at org.openqa.selenium.remote.RemoteWebElement.execute(RemoteWebElement.java:285)
	at org.openqa.selenium.remote.RemoteWebElement.click(RemoteWebElement.java:84)
	at Re_Useable.Login_site.logout(Login_site.java:141)
	at java.util.concurrent.FutureTask.run(FutureTask.java:266)
	at java.util.concurrent.ThreadPoolExecutor.runWorker(ThreadPoolExecutor.java:1149)
	at java.util.concurrent.ThreadPoolExecutor$Worker.run(ThreadPoolExecutor.java:624)
	at java.lang.Thread.run(Thread.java:748)
... Removed 21 stack frames</pre></div><a href='#' onClick='toggleBox("stack-trace861548382", this, "Click to show all stack frames", "Click to hide stack frames")'>Click to show all stack frames</a>
<div class='stack-trace' id='stack-trace861548382'><pre>org.openqa.selenium.ElementClickInterceptedException: Element &lt;i class=&quot;icon-user&quot;&gt; is not clickable at point (1329,20) because another element &lt;div id=&quot;createCyclePopup&quot; class=&quot;modal fade  in&quot;&gt; obscures it
Build info: version: &apos;3.141.59&apos;, revision: &apos;e82be7d358&apos;, time: &apos;2018-11-14T08:25:53&apos;
System info: host: &apos;DESKTOP-Q496GAK&apos;, ip: &apos;172.16.5.160&apos;, os.name: &apos;Windows 10&apos;, os.arch: &apos;amd64&apos;, os.version: &apos;10.0&apos;, java.version: &apos;1.8.0_201&apos;
Driver info: org.openqa.selenium.firefox.FirefoxDriver
Capabilities {acceptInsecureCerts: true, browserName: firefox, browserVersion: 85.0.2, javascriptEnabled: true, moz:accessibilityChecks: false, moz:buildID: 20210208133944, moz:geckodriverVersion: 0.29.0, moz:headless: false, moz:processID: 11680, moz:profile: C:\Users\Lenovo\AppData\Loc..., moz:shutdownTimeout: 60000, moz:useNonSpecCompliantPointerOrigin: false, moz:webdriverClick: true, pageLoadStrategy: normal, platform: WINDOWS, platformName: WINDOWS, platformVersion: 10.0, rotatable: false, setWindowRect: true, strictFileInteractability: false, timeouts: {implicit: 0, pageLoad: 300000, script: 30000}, unhandledPromptBehavior: dismiss and notify}
Session ID: 475a8ef4-2eb8-4bd6-bb27-6baf85c3efe5
	at sun.reflect.NativeConstructorAccessorImpl.newInstance0(Native Method)
	at sun.reflect.NativeConstructorAccessorImpl.newInstance(NativeConstructorAccessorImpl.java:62)
	at sun.reflect.DelegatingConstructorAccessorImpl.newInstance(DelegatingConstructorAccessorImpl.java:45)
	at java.lang.reflect.Constructor.newInstance(Constructor.java:423)
	at org.openqa.selenium.remote.http.W3CHttpResponseCodec.createException(W3CHttpResponseCodec.java:187)
	at org.openqa.selenium.remote.http.W3CHttpResponseCodec.decode(W3CHttpResponseCodec.java:122)
	at org.openqa.selenium.remote.http.W3CHttpResponseCodec.decode(W3CHttpResponseCodec.java:49)
	at org.openqa.selenium.remote.HttpCommandExecutor.execute(HttpCommandExecutor.java:158)
	at org.openqa.selenium.remote.service.DriverCommandExecutor.execute(DriverCommandExecutor.java:83)
	at org.openqa.selenium.remote.RemoteWebDriver.execute(RemoteWebDriver.java:552)
	at org.openqa.selenium.remote.RemoteWebElement.execute(RemoteWebElement.java:285)
	at org.openqa.selenium.remote.RemoteWebElement.click(RemoteWebElement.java:84)
	at Re_Useable.Login_site.logout(Login_site.java:141)
	at sun.reflect.NativeMethodAccessorImpl.invoke0(Native Method)
	at sun.reflect.NativeMethodAccessorImpl.invoke(NativeMethodAccessorImpl.java:62)
	at sun.reflect.DelegatingMethodAccessorImpl.invoke(DelegatingMethodAccessorImpl.java:43)
	at java.lang.reflect.Method.invoke(Method.java:498)
	at org.testng.internal.MethodInvocationHelper.invokeMethod(MethodInvocationHelper.java:124)
	at org.testng.internal.MethodInvocationHelper.invokeMethodConsideringTimeout(MethodInvocationHelper.java:59)
	at org.testng.internal.Invoker.invokeConfigurationMethod(Invoker.java:458)
	at org.testng.internal.Invoker.invokeConfigurations(Invoker.java:222)
	at org.testng.internal.Invoker.invokeConfigurations(Invoker.java:142)
	at org.testng.internal.TestMethodWorker.invokeAfterClassMethods(TestMethodWorker.java:214)
	at org.testng.internal.TestMethodWorker.run(TestMethodWorker.java:111)
	at org.testng.TestRunner.privateRun(TestRunner.java:648)
	at org.testng.TestRunner.run(TestRunner.java:505)
	at org.testng.SuiteRunner.runTest(SuiteRunner.java:455)
	at org.testng.SuiteRunner.access$000(SuiteRunner.java:40)
	at org.testng.SuiteRunner$SuiteWorker.run(SuiteRunner.java:489)
	at org.testng.internal.thread.ThreadUtil$1.call(ThreadUtil.java:52)
	at java.util.concurrent.FutureTask.run(FutureTask.java:266)
	at java.util.concurrent.ThreadPoolExecutor.runWorker(ThreadPoolExecutor.java:1149)
	at java.util.concurrent.ThreadPoolExecutor$Worker.run(ThreadPoolExecutor.java:624)
	at java.lang.Thread.run(Thread.java:748)
</pre></div></td>
<td>1</td>
<td>Marketing_Project.Customer_Update@31610302</td></tr>
</table><p>
<table width='100%' border='1' class='invocation-failed'>
<tr><td colspan='4' align='center'><b>FAILED TESTS</b></td></tr>
<tr><td><b>Test method</b></td>
<td width="30%"><b>Exception</b></td>
<td width="10%"><b>Time (seconds)</b></td>
<td><b>Instance</b></td>
</tr>
<tr>
<td title='Marketing_Project.Customer_Update.AddSite_plan_fromService()'><b>AddSite_plan_fromService</b><br>Test class: Marketing_Project.Customer_Update<br/>
<a href="#Output-1101935570" onClick='toggleBox("Output-1101935570", this, "Show output", "Hide output");'>Show output</a>

<a href="#Output-1101935570" onClick="toggleAllBoxes();">Show all outputs</a>
<div class='log' id="Output-1101935570">
Site Plans Button not displayed -----Expected condition failed: waiting for element to be clickable: By.xpath: .//*[contains(text(),'Site Plans')] (tried for 60 second(s) with 500 milliseconds interval)<br/>
</div>
</td>
<td><div><pre>java.lang.NullPointerException
	at Marketing_Project.Customer_Update.AddSite_plan_fromService(Customer_Update.java:255)
	at java.util.concurrent.FutureTask.run(FutureTask.java:266)
	at java.util.concurrent.ThreadPoolExecutor.runWorker(ThreadPoolExecutor.java:1149)
	at java.util.concurrent.ThreadPoolExecutor$Worker.run(ThreadPoolExecutor.java:624)
	at java.lang.Thread.run(Thread.java:748)
... Removed 16 stack frames</pre></div><a href='#' onClick='toggleBox("stack-trace1101935570", this, "Click to show all stack frames", "Click to hide stack frames")'>Click to show all stack frames</a>
<div class='stack-trace' id='stack-trace1101935570'><pre>java.lang.NullPointerException
	at Marketing_Project.Customer_Update.AddSite_plan_fromService(Customer_Update.java:255)
	at sun.reflect.NativeMethodAccessorImpl.invoke0(Native Method)
	at sun.reflect.NativeMethodAccessorImpl.invoke(NativeMethodAccessorImpl.java:62)
	at sun.reflect.DelegatingMethodAccessorImpl.invoke(DelegatingMethodAccessorImpl.java:43)
	at java.lang.reflect.Method.invoke(Method.java:498)
	at org.testng.internal.MethodInvocationHelper.invokeMethod(MethodInvocationHelper.java:124)
	at org.testng.internal.Invoker.invokeMethod(Invoker.java:583)
	at org.testng.internal.Invoker.invokeTestMethod(Invoker.java:719)
	at org.testng.internal.Invoker.invokeTestMethods(Invoker.java:989)
	at org.testng.internal.TestMethodWorker.invokeTestMethods(TestMethodWorker.java:125)
	at org.testng.internal.TestMethodWorker.run(TestMethodWorker.java:109)
	at org.testng.TestRunner.privateRun(TestRunner.java:648)
	at org.testng.TestRunner.run(TestRunner.java:505)
	at org.testng.SuiteRunner.runTest(SuiteRunner.java:455)
	at org.testng.SuiteRunner.access$000(SuiteRunner.java:40)
	at org.testng.SuiteRunner$SuiteWorker.run(SuiteRunner.java:489)
	at org.testng.internal.thread.ThreadUtil$1.call(ThreadUtil.java:52)
	at java.util.concurrent.FutureTask.run(FutureTask.java:266)
	at java.util.concurrent.ThreadPoolExecutor.runWorker(ThreadPoolExecutor.java:1149)
	at java.util.concurrent.ThreadPoolExecutor$Worker.run(ThreadPoolExecutor.java:624)
	at java.lang.Thread.run(Thread.java:748)
</pre></div></td>
<td>64</td>
<td>Marketing_Project.Customer_Update@490ab905</td></tr>
<tr>
<td title='Marketing_Project.Market_All_Cusotmer.Add_Provisional_Service()'><b>Add_Provisional_Service</b><br>Test class: Marketing_Project.Market_All_Cusotmer<br/>
<a href="#Output-455741616" onClick='toggleBox("Output-455741616", this, "Show output", "Hide output");'>Show output</a>

<a href="#Output-455741616" onClick="toggleAllBoxes();">Show all outputs</a>
<div class='log' id="Output-455741616">
validation message not displayed-----Expected condition failed: waiting for element to be clickable: By.id: alert_service_created (tried for 60 second(s) with 500 milliseconds interval)
Build info: version: '3.141.59', revision: 'e82be7d358', time: '2018-11-14T08:25:53'
System info: host: 'DESKTOP-Q496GAK', ip: '172.16.5.160', os.name: 'Windows 10', os.arch: 'amd64', os.version: '10.0', java.version: '1.8.0_201'
Driver info: org.openqa.selenium.chrome.ChromeDriver
Capabilities {acceptInsecureCerts: false, browserName: chrome, browserVersion: 88.0.4324.150, chrome: {chromedriverVersion: 88.0.4324.96 (68dba2d8a0b14..., userDataDir: C:\Users\Lenovo\AppData\Loc...}, goog:chromeOptions: {debuggerAddress: localhost:50257}, javascriptEnabled: true, networkConnectionEnabled: false, pageLoadStrategy: normal, platform: WINDOWS, platformName: WINDOWS, proxy: Proxy(), setWindowRect: true, strictFileInteractability: false, timeouts: {implicit: 0, pageLoad: 300000, script: 30000}, unhandledPromptBehavior: dismiss and notify, webauthn:extension:largeBlob: true, webauthn:virtualAuthenticators: true}
Session ID: bd3cfc17d5c20d0e119bd17cbf7d3d0d<br/>
</div>
</td>
<td><div><pre>java.lang.NullPointerException
	at Re_Useable.Assertion_Test.Assertion_successmsgservice(Assertion_Test.java:72)
	at Marketing_Project.Market_All_Cusotmer.Add_Provisional_Service(Market_All_Cusotmer.java:374)
	at java.util.concurrent.FutureTask.run(FutureTask.java:266)
	at java.util.concurrent.ThreadPoolExecutor.runWorker(ThreadPoolExecutor.java:1149)
	at java.util.concurrent.ThreadPoolExecutor$Worker.run(ThreadPoolExecutor.java:624)
	at java.lang.Thread.run(Thread.java:748)
... Removed 16 stack frames</pre></div><a href='#' onClick='toggleBox("stack-trace455741616", this, "Click to show all stack frames", "Click to hide stack frames")'>Click to show all stack frames</a>
<div class='stack-trace' id='stack-trace455741616'><pre>java.lang.NullPointerException
	at Re_Useable.Assertion_Test.Assertion_successmsgservice(Assertion_Test.java:72)
	at Marketing_Project.Market_All_Cusotmer.Add_Provisional_Service(Market_All_Cusotmer.java:374)
	at sun.reflect.NativeMethodAccessorImpl.invoke0(Native Method)
	at sun.reflect.NativeMethodAccessorImpl.invoke(NativeMethodAccessorImpl.java:62)
	at sun.reflect.DelegatingMethodAccessorImpl.invoke(DelegatingMethodAccessorImpl.java:43)
	at java.lang.reflect.Method.invoke(Method.java:498)
	at org.testng.internal.MethodInvocationHelper.invokeMethod(MethodInvocationHelper.java:124)
	at org.testng.internal.Invoker.invokeMethod(Invoker.java:583)
	at org.testng.internal.Invoker.invokeTestMethod(Invoker.java:719)
	at org.testng.internal.Invoker.invokeTestMethods(Invoker.java:989)
	at org.testng.internal.TestMethodWorker.invokeTestMethods(TestMethodWorker.java:125)
	at org.testng.internal.TestMethodWorker.run(TestMethodWorker.java:109)
	at org.testng.TestRunner.privateRun(TestRunner.java:648)
	at org.testng.TestRunner.run(TestRunner.java:505)
	at org.testng.SuiteRunner.runTest(SuiteRunner.java:455)
	at org.testng.SuiteRunner.access$000(SuiteRunner.java:40)
	at org.testng.SuiteRunner$SuiteWorker.run(SuiteRunner.java:489)
	at org.testng.internal.thread.ThreadUtil$1.call(ThreadUtil.java:52)
	at java.util.concurrent.FutureTask.run(FutureTask.java:266)
	at java.util.concurrent.ThreadPoolExecutor.runWorker(ThreadPoolExecutor.java:1149)
	at java.util.concurrent.ThreadPoolExecutor$Worker.run(ThreadPoolExecutor.java:624)
	at java.lang.Thread.run(Thread.java:748)
</pre></div></td>
<td>96</td>
<td>Marketing_Project.Market_All_Cusotmer@1e397ed7</td></tr>
<tr>
<td title='Marketing_Project.Customer_Update.Add_Service_ND_Update()'><b>Add_Service_ND_Update</b><br>Test class: Marketing_Project.Customer_Update<br/>
<a href="#Output-1156016903" onClick='toggleBox("Output-1156016903", this, "Show output", "Hide output");'>Show output</a>

<a href="#Output-1156016903" onClick="toggleAllBoxes();">Show all outputs</a>
<div class='log' id="Output-1156016903">
validation message not displayed-----Expected condition failed: waiting for element to be clickable: By.id: alert_service_created (tried for 60 second(s) with 500 milliseconds interval)
Build info: version: '3.141.59', revision: 'e82be7d358', time: '2018-11-14T08:25:53'
System info: host: 'DESKTOP-Q496GAK', ip: '172.16.5.160', os.name: 'Windows 10', os.arch: 'amd64', os.version: '10.0', java.version: '1.8.0_201'
Driver info: org.openqa.selenium.chrome.ChromeDriver
Capabilities {acceptInsecureCerts: false, browserName: chrome, browserVersion: 88.0.4324.150, chrome: {chromedriverVersion: 88.0.4324.96 (68dba2d8a0b14..., userDataDir: C:\Users\Lenovo\AppData\Loc...}, goog:chromeOptions: {debuggerAddress: localhost:50499}, javascriptEnabled: true, networkConnectionEnabled: false, pageLoadStrategy: normal, platform: WINDOWS, platformName: WINDOWS, proxy: Proxy(), setWindowRect: true, strictFileInteractability: false, timeouts: {implicit: 0, pageLoad: 300000, script: 30000}, unhandledPromptBehavior: dismiss and notify, webauthn:extension:largeBlob: true, webauthn:virtualAuthenticators: true}
Session ID: 02602e2479d9889075c09c989d80fc1f<br/>
</div>
</td>
<td><div><pre>java.lang.NullPointerException
	at Re_Useable.Assertion_Test.Assertion_successmsgservice(Assertion_Test.java:72)
	at Marketing_Project.Customer_Update.Add_Service_ND_Update(Customer_Update.java:177)
	at java.util.concurrent.FutureTask.run(FutureTask.java:266)
	at java.util.concurrent.ThreadPoolExecutor.runWorker(ThreadPoolExecutor.java:1149)
	at java.util.concurrent.ThreadPoolExecutor$Worker.run(ThreadPoolExecutor.java:624)
	at java.lang.Thread.run(Thread.java:748)
... Removed 16 stack frames</pre></div><a href='#' onClick='toggleBox("stack-trace1156016903", this, "Click to show all stack frames", "Click to hide stack frames")'>Click to show all stack frames</a>
<div class='stack-trace' id='stack-trace1156016903'><pre>java.lang.NullPointerException
	at Re_Useable.Assertion_Test.Assertion_successmsgservice(Assertion_Test.java:72)
	at Marketing_Project.Customer_Update.Add_Service_ND_Update(Customer_Update.java:177)
	at sun.reflect.NativeMethodAccessorImpl.invoke0(Native Method)
	at sun.reflect.NativeMethodAccessorImpl.invoke(NativeMethodAccessorImpl.java:62)
	at sun.reflect.DelegatingMethodAccessorImpl.invoke(DelegatingMethodAccessorImpl.java:43)
	at java.lang.reflect.Method.invoke(Method.java:498)
	at org.testng.internal.MethodInvocationHelper.invokeMethod(MethodInvocationHelper.java:124)
	at org.testng.internal.Invoker.invokeMethod(Invoker.java:583)
	at org.testng.internal.Invoker.invokeTestMethod(Invoker.java:719)
	at org.testng.internal.Invoker.invokeTestMethods(Invoker.java:989)
	at org.testng.internal.TestMethodWorker.invokeTestMethods(TestMethodWorker.java:125)
	at org.testng.internal.TestMethodWorker.run(TestMethodWorker.java:109)
	at org.testng.TestRunner.privateRun(TestRunner.java:648)
	at org.testng.TestRunner.run(TestRunner.java:505)
	at org.testng.SuiteRunner.runTest(SuiteRunner.java:455)
	at org.testng.SuiteRunner.access$000(SuiteRunner.java:40)
	at org.testng.SuiteRunner$SuiteWorker.run(SuiteRunner.java:489)
	at org.testng.internal.thread.ThreadUtil$1.call(ThreadUtil.java:52)
	at java.util.concurrent.FutureTask.run(FutureTask.java:266)
	at java.util.concurrent.ThreadPoolExecutor.runWorker(ThreadPoolExecutor.java:1149)
	at java.util.concurrent.ThreadPoolExecutor$Worker.run(ThreadPoolExecutor.java:624)
	at java.lang.Thread.run(Thread.java:748)
</pre></div></td>
<td>77</td>
<td>Marketing_Project.Customer_Update@490ab905</td></tr>
<tr>
<td title='Marketing_Project.Customer_Update.Add_Siteparamenter()'><b>Add_Siteparamenter</b><br>Test class: Marketing_Project.Customer_Update<br/>
<a href="#Output-1701934605" onClick='toggleBox("Output-1701934605", this, "Show output", "Hide output");'>Show output</a>

<a href="#Output-1701934605" onClick="toggleAllBoxes();">Show all outputs</a>
<div class='log' id="Output-1701934605">
Site Parameters Button not displayed -----Expected condition failed: waiting for element to be clickable: By.xpath: (.//*[contains(text(),'Site Parameters')])[1] (tried for 60 second(s) with 500 milliseconds interval)<br/>
</div>
</td>
<td><div><pre>java.lang.NullPointerException
	at Marketing_Project.Customer_Update.Add_Siteparamenter(Customer_Update.java:218)
	at java.util.concurrent.FutureTask.run(FutureTask.java:266)
	at java.util.concurrent.ThreadPoolExecutor.runWorker(ThreadPoolExecutor.java:1149)
	at java.util.concurrent.ThreadPoolExecutor$Worker.run(ThreadPoolExecutor.java:624)
	at java.lang.Thread.run(Thread.java:748)
... Removed 16 stack frames</pre></div><a href='#' onClick='toggleBox("stack-trace1701934605", this, "Click to show all stack frames", "Click to hide stack frames")'>Click to show all stack frames</a>
<div class='stack-trace' id='stack-trace1701934605'><pre>java.lang.NullPointerException
	at Marketing_Project.Customer_Update.Add_Siteparamenter(Customer_Update.java:218)
	at sun.reflect.NativeMethodAccessorImpl.invoke0(Native Method)
	at sun.reflect.NativeMethodAccessorImpl.invoke(NativeMethodAccessorImpl.java:62)
	at sun.reflect.DelegatingMethodAccessorImpl.invoke(DelegatingMethodAccessorImpl.java:43)
	at java.lang.reflect.Method.invoke(Method.java:498)
	at org.testng.internal.MethodInvocationHelper.invokeMethod(MethodInvocationHelper.java:124)
	at org.testng.internal.Invoker.invokeMethod(Invoker.java:583)
	at org.testng.internal.Invoker.invokeTestMethod(Invoker.java:719)
	at org.testng.internal.Invoker.invokeTestMethods(Invoker.java:989)
	at org.testng.internal.TestMethodWorker.invokeTestMethods(TestMethodWorker.java:125)
	at org.testng.internal.TestMethodWorker.run(TestMethodWorker.java:109)
	at org.testng.TestRunner.privateRun(TestRunner.java:648)
	at org.testng.TestRunner.run(TestRunner.java:505)
	at org.testng.SuiteRunner.runTest(SuiteRunner.java:455)
	at org.testng.SuiteRunner.access$000(SuiteRunner.java:40)
	at org.testng.SuiteRunner$SuiteWorker.run(SuiteRunner.java:489)
	at org.testng.internal.thread.ThreadUtil$1.call(ThreadUtil.java:52)
	at java.util.concurrent.FutureTask.run(FutureTask.java:266)
	at java.util.concurrent.ThreadPoolExecutor.runWorker(ThreadPoolExecutor.java:1149)
	at java.util.concurrent.ThreadPoolExecutor$Worker.run(ThreadPoolExecutor.java:624)
	at java.lang.Thread.run(Thread.java:748)
</pre></div></td>
<td>68</td>
<td>Marketing_Project.Customer_Update@490ab905</td></tr>
<tr>
<td title='Marketing_Project.Market_TOU_FIle_and_AddPlan.Add_planWith_NetworkRats()'><b>Add_planWith_NetworkRats</b><br>Test class: Marketing_Project.Market_TOU_FIle_and_AddPlan<br/>
<a href="#Output-152274010" onClick='toggleBox("Output-152274010", this, "Show output", "Hide output");'>Show output</a>

<a href="#Output-152274010" onClick="toggleAllBoxes();">Show all outputs</a>
<div class='log' id="Output-152274010">
Plan number not displayed -----Expected condition failed: waiting for element to be clickable: By.xpath: .//*[@class="odd"]/td[3] (tried for 60 second(s) with 500 milliseconds interval)<br/>
</div>
</td>
<td><div><pre>java.lang.NullPointerException
	at Re_Useable.Assertion_Test.Assertplanno(Assertion_Test.java:186)
	at Marketing_Project.Market_TOU_FIle_and_AddPlan.Add_planWith_NetworkRats(Market_TOU_FIle_and_AddPlan.java:238)
	at java.util.concurrent.FutureTask.run(FutureTask.java:266)
	at java.util.concurrent.ThreadPoolExecutor.runWorker(ThreadPoolExecutor.java:1149)
	at java.util.concurrent.ThreadPoolExecutor$Worker.run(ThreadPoolExecutor.java:624)
	at java.lang.Thread.run(Thread.java:748)
... Removed 16 stack frames</pre></div><a href='#' onClick='toggleBox("stack-trace152274010", this, "Click to show all stack frames", "Click to hide stack frames")'>Click to show all stack frames</a>
<div class='stack-trace' id='stack-trace152274010'><pre>java.lang.NullPointerException
	at Re_Useable.Assertion_Test.Assertplanno(Assertion_Test.java:186)
	at Marketing_Project.Market_TOU_FIle_and_AddPlan.Add_planWith_NetworkRats(Market_TOU_FIle_and_AddPlan.java:238)
	at sun.reflect.NativeMethodAccessorImpl.invoke0(Native Method)
	at sun.reflect.NativeMethodAccessorImpl.invoke(NativeMethodAccessorImpl.java:62)
	at sun.reflect.DelegatingMethodAccessorImpl.invoke(DelegatingMethodAccessorImpl.java:43)
	at java.lang.reflect.Method.invoke(Method.java:498)
	at org.testng.internal.MethodInvocationHelper.invokeMethod(MethodInvocationHelper.java:124)
	at org.testng.internal.Invoker.invokeMethod(Invoker.java:583)
	at org.testng.internal.Invoker.invokeTestMethod(Invoker.java:719)
	at org.testng.internal.Invoker.invokeTestMethods(Invoker.java:989)
	at org.testng.internal.TestMethodWorker.invokeTestMethods(TestMethodWorker.java:125)
	at org.testng.internal.TestMethodWorker.run(TestMethodWorker.java:109)
	at org.testng.TestRunner.privateRun(TestRunner.java:648)
	at org.testng.TestRunner.run(TestRunner.java:505)
	at org.testng.SuiteRunner.runTest(SuiteRunner.java:455)
	at org.testng.SuiteRunner.access$000(SuiteRunner.java:40)
	at org.testng.SuiteRunner$SuiteWorker.run(SuiteRunner.java:489)
	at org.testng.internal.thread.ThreadUtil$1.call(ThreadUtil.java:52)
	at java.util.concurrent.FutureTask.run(FutureTask.java:266)
	at java.util.concurrent.ThreadPoolExecutor.runWorker(ThreadPoolExecutor.java:1149)
	at java.util.concurrent.ThreadPoolExecutor$Worker.run(ThreadPoolExecutor.java:624)
	at java.lang.Thread.run(Thread.java:748)
</pre></div></td>
<td>97</td>
<td>Marketing_Project.Market_TOU_FIle_and_AddPlan@3f49dace</td></tr>
</table><p>
<table width='100%' border='1' class='invocation-passed'>
<tr><td colspan='4' align='center'><b>PASSED TESTS</b></td></tr>
<tr><td><b>Test method</b></td>
<td width="30%"><b>Exception</b></td>
<td width="10%"><b>Time (seconds)</b></td>
<td><b>Instance</b></td>
</tr>
<tr>
<td title='Marketing_Project.Customer_Update.Add_BillRun_Cycle()'><b>Add_BillRun_Cycle</b><br>Test class: Marketing_Project.Customer_Update</td>
<td></td>
<td>30</td>
<td>Marketing_Project.Customer_Update@490ab905</td></tr>
<tr>
<td title='Marketing_Project.Customer_Update.Add_Customer()'><b>Add_Customer</b><br>Test class: Marketing_Project.Customer_Update</td>
<td></td>
<td>25</td>
<td>Marketing_Project.Customer_Update@490ab905</td></tr>
<tr>
<td title='Marketing_Project.Market_TOU_FIle_and_AddPlan.Add_PlanWith_RetailRates()'><b>Add_PlanWith_RetailRates</b><br>Test class: Marketing_Project.Market_TOU_FIle_and_AddPlan</td>
<td></td>
<td>49</td>
<td>Marketing_Project.Market_TOU_FIle_and_AddPlan@3f49dace</td></tr>
<tr>
<td title='Marketing_Project.Market_TOU_FIle_and_AddPlan.Add_Simple_Plan()'><b>Add_Simple_Plan</b><br>Test class: Marketing_Project.Market_TOU_FIle_and_AddPlan</td>
<td></td>
<td>7</td>
<td>Marketing_Project.Market_TOU_FIle_and_AddPlan@3f49dace</td></tr>
<tr>
<td title='Marketing_Project.Market_All_Cusotmer.Customer_Type_Business()'><b>Customer_Type_Business</b><br>Test class: Marketing_Project.Market_All_Cusotmer</td>
<td></td>
<td>32</td>
<td>Marketing_Project.Market_All_Cusotmer@1e397ed7</td></tr>
<tr>
<td title='Marketing_Project.Market_All_Cusotmer.Customer_Type_Commercial()'><b>Customer_Type_Commercial</b><br>Test class: Marketing_Project.Market_All_Cusotmer</td>
<td></td>
<td>43</td>
<td>Marketing_Project.Market_All_Cusotmer@1e397ed7</td></tr>
<tr>
<td title='Marketing_Project.Market_All_Cusotmer.Customer_Type_Residential()'><b>Customer_Type_Residential</b><br>Test class: Marketing_Project.Market_All_Cusotmer</td>
<td></td>
<td>48</td>
<td>Marketing_Project.Market_All_Cusotmer@1e397ed7</td></tr>
<tr>
<td title='Marketing_Project.Customer_Update.Edit_BillRUn()'><b>Edit_BillRUn</b><br>Test class: Marketing_Project.Customer_Update</td>
<td></td>
<td>5</td>
<td>Marketing_Project.Customer_Update@490ab905</td></tr>
<tr>
<td title='Marketing_Project.Market_TOU_FIle_and_AddPlan.Import_TOU_Definition()'><b>Import_TOU_Definition</b><br>Test class: Marketing_Project.Market_TOU_FIle_and_AddPlan</td>
<td></td>
<td>23</td>
<td>Marketing_Project.Market_TOU_FIle_and_AddPlan@3f49dace</td></tr>
<tr>
<td title='Marketing_Project.Market_TOU_FIle_and_AddPlan.Other_plan()'><b>Other_plan</b><br>Test class: Marketing_Project.Market_TOU_FIle_and_AddPlan</td>
<td></td>
<td>21</td>
<td>Marketing_Project.Market_TOU_FIle_and_AddPlan@3f49dace</td></tr>
<tr>
<td title='Marketing_Project.Market_All_Cusotmer.customer_Save_nd_Add_Provisioning_option()'><b>customer_Save_nd_Add_Provisioning_option</b><br>Test class: Marketing_Project.Market_All_Cusotmer</td>
<td></td>
<td>58</td>
<td>Marketing_Project.Market_All_Cusotmer@1e397ed7</td></tr>
</table><p>
</body>
</html>