<?xml version="1.0" encoding="UTF-8"?>
<!-- Generated by org.testng.reporters.JUnitXMLReporter -->
<testsuite hostname="DESKTOP-Q496GAK" ignored="0" name="open in chrome" tests="16" failures="5" timestamp="18 Feb 2021 06:09:43 GMT" time="803.93" errors="0">
  <testcase name="@AfterClass logout" time="1.613" classname="Re_Useable.Login_site">
    <failure type="org.openqa.selenium.ElementClickInterceptedException" message="Element &amp;lt;i class=&amp;quot;icon-user&amp;quot;&amp;gt; is not clickable at point (1329,20) because another element &amp;lt;div id=&amp;quot;createCyclePopup&amp;quot; class=&amp;quot;modal fade  in&amp;quot;&amp;gt; obscures it
Build info: version: &amp;apos;3.141.59&amp;apos;, revision: &amp;apos;e82be7d358&amp;apos;, time: &amp;apos;2018-11-14T08:25:53&amp;apos;
System info: host: &amp;apos;DESKTOP-Q496GAK&amp;apos;, ip: &amp;apos;172.16.5.160&amp;apos;, os.name: &amp;apos;Windows 10&amp;apos;, os.arch: &amp;apos;amd64&amp;apos;, os.version: &amp;apos;10.0&amp;apos;, java.version: &amp;apos;1.8.0_201&amp;apos;
Driver info: org.openqa.selenium.firefox.FirefoxDriver
Capabilities {acceptInsecureCerts: true, browserName: firefox, browserVersion: 85.0.2, javascriptEnabled: true, moz:accessibilityChecks: false, moz:buildID: 20210208133944, moz:geckodriverVersion: 0.29.0, moz:headless: false, moz:processID: 11680, moz:profile: C:\Users\Lenovo\AppData\Loc..., moz:shutdownTimeout: 60000, moz:useNonSpecCompliantPointerOrigin: false, moz:webdriverClick: true, pageLoadStrategy: normal, platform: WINDOWS, platformName: WINDOWS, platformVersion: 10.0, rotatable: false, setWindowRect: true, strictFileInteractability: false, timeouts: {implicit: 0, pageLoad: 300000, script: 30000}, unhandledPromptBehavior: dismiss and notify}
Session ID: 475a8ef4-2eb8-4bd6-bb27-6baf85c3efe5">
      <![CDATA[org.openqa.selenium.ElementClickInterceptedException: Element <i class="icon-user"> is not clickable at point (1329,20) because another element <div id="createCyclePopup" class="modal fade  in"> obscures it
Build info: version: '3.141.59', revision: 'e82be7d358', time: '2018-11-14T08:25:53'
System info: host: 'DESKTOP-Q496GAK', ip: '172.16.5.160', os.name: 'Windows 10', os.arch: 'amd64', os.version: '10.0', java.version: '1.8.0_201'
Driver info: org.openqa.selenium.firefox.FirefoxDriver
Capabilities {acceptInsecureCerts: true, browserName: firefox, browserVersion: 85.0.2, javascriptEnabled: true, moz:accessibilityChecks: false, moz:buildID: 20210208133944, moz:geckodriverVersion: 0.29.0, moz:headless: false, moz:processID: 11680, moz:profile: C:\Users\Lenovo\AppData\Loc..., moz:shutdownTimeout: 60000, moz:useNonSpecCompliantPointerOrigin: false, moz:webdriverClick: true, pageLoadStrategy: normal, platform: WINDOWS, platformName: WINDOWS, platformVersion: 10.0, rotatable: false, setWindowRect: true, strictFileInteractability: false, timeouts: {implicit: 0, pageLoad: 300000, script: 30000}, unhandledPromptBehavior: dismiss and notify}
Session ID: 475a8ef4-2eb8-4bd6-bb27-6baf85c3efe5
at org.openqa.selenium.remote.http.W3CHttpResponseCodec.createException(W3CHttpResponseCodec.java:187)
at org.openqa.selenium.remote.http.W3CHttpResponseCodec.decode(W3CHttpResponseCodec.java:122)
at org.openqa.selenium.remote.http.W3CHttpResponseCodec.decode(W3CHttpResponseCodec.java:49)
at org.openqa.selenium.remote.HttpCommandExecutor.execute(HttpCommandExecutor.java:158)
at org.openqa.selenium.remote.service.DriverCommandExecutor.execute(DriverCommandExecutor.java:83)
at org.openqa.selenium.remote.RemoteWebDriver.execute(RemoteWebDriver.java:552)
at org.openqa.selenium.remote.RemoteWebElement.execute(RemoteWebElement.java:285)
at org.openqa.selenium.remote.RemoteWebElement.click(RemoteWebElement.java:84)
at Re_Useable.Login_site.logout(Login_site.java:141)
at java.util.concurrent.FutureTask.run(FutureTask.java:266)
at java.util.concurrent.ThreadPoolExecutor.runWorker(ThreadPoolExecutor.java:1149)
at java.util.concurrent.ThreadPoolExecutor$Worker.run(ThreadPoolExecutor.java:624)
at java.lang.Thread.run(Thread.java:748)
... Removed 21 stack frames]]>
    </failure>
  </testcase> <!-- @AfterClass logout -->
  <testcase name="Import_TOU_Definition" time="23.011" classname="Marketing_Project.Market_TOU_FIle_and_AddPlan"/>
  <testcase name="Customer_Type_Residential" time="48.037" classname="Marketing_Project.Market_All_Cusotmer"/>
  <testcase name="Add_Customer" time="25.819" classname="Marketing_Project.Customer_Update"/>
  <testcase name="Add_Simple_Plan" time="7.93" classname="Marketing_Project.Market_TOU_FIle_and_AddPlan"/>
  <testcase name="Customer_Type_Business" time="32.781" classname="Marketing_Project.Market_All_Cusotmer"/>
  <testcase name="Add_Service_ND_Update" time="77.585" classname="Marketing_Project.Customer_Update">
    <failure type="java.lang.NullPointerException">
      <![CDATA[java.lang.NullPointerException
at Re_Useable.Assertion_Test.Assertion_successmsgservice(Assertion_Test.java:72)
at Marketing_Project.Customer_Update.Add_Service_ND_Update(Customer_Update.java:177)
at java.util.concurrent.FutureTask.run(FutureTask.java:266)
at java.util.concurrent.ThreadPoolExecutor.runWorker(ThreadPoolExecutor.java:1149)
at java.util.concurrent.ThreadPoolExecutor$Worker.run(ThreadPoolExecutor.java:624)
at java.lang.Thread.run(Thread.java:748)
... Removed 16 stack frames]]>
    </failure>
  </testcase> <!-- Add_Service_ND_Update -->
  <testcase name="Add_planWith_NetworkRats" time="97.674" classname="Marketing_Project.Market_TOU_FIle_and_AddPlan">
    <failure type="java.lang.NullPointerException">
      <![CDATA[java.lang.NullPointerException
at Re_Useable.Assertion_Test.Assertplanno(Assertion_Test.java:186)
at Marketing_Project.Market_TOU_FIle_and_AddPlan.Add_planWith_NetworkRats(Market_TOU_FIle_and_AddPlan.java:238)
at java.util.concurrent.FutureTask.run(FutureTask.java:266)
at java.util.concurrent.ThreadPoolExecutor.runWorker(ThreadPoolExecutor.java:1149)
at java.util.concurrent.ThreadPoolExecutor$Worker.run(ThreadPoolExecutor.java:624)
at java.lang.Thread.run(Thread.java:748)
... Removed 16 stack frames]]>
    </failure>
  </testcase> <!-- Add_planWith_NetworkRats -->
  <testcase name="Customer_Type_Commercial" time="43.215" classname="Marketing_Project.Market_All_Cusotmer"/>
  <testcase name="Add_Siteparamenter" time="68.489" classname="Marketing_Project.Customer_Update">
    <failure type="java.lang.NullPointerException">
      <![CDATA[java.lang.NullPointerException
at Marketing_Project.Customer_Update.Add_Siteparamenter(Customer_Update.java:218)
at java.util.concurrent.FutureTask.run(FutureTask.java:266)
at java.util.concurrent.ThreadPoolExecutor.runWorker(ThreadPoolExecutor.java:1149)
at java.util.concurrent.ThreadPoolExecutor$Worker.run(ThreadPoolExecutor.java:624)
at java.lang.Thread.run(Thread.java:748)
... Removed 16 stack frames]]>
    </failure>
  </testcase> <!-- Add_Siteparamenter -->
  <testcase name="Add_PlanWith_RetailRates" time="49.571" classname="Marketing_Project.Market_TOU_FIle_and_AddPlan"/>
  <testcase name="Add_Provisional_Service" time="96.942" classname="Marketing_Project.Market_All_Cusotmer">
    <failure type="java.lang.NullPointerException">
      <![CDATA[java.lang.NullPointerException
at Re_Useable.Assertion_Test.Assertion_successmsgservice(Assertion_Test.java:72)
at Marketing_Project.Market_All_Cusotmer.Add_Provisional_Service(Market_All_Cusotmer.java:374)
at java.util.concurrent.FutureTask.run(FutureTask.java:266)
at java.util.concurrent.ThreadPoolExecutor.runWorker(ThreadPoolExecutor.java:1149)
at java.util.concurrent.ThreadPoolExecutor$Worker.run(ThreadPoolExecutor.java:624)
at java.lang.Thread.run(Thread.java:748)
... Removed 16 stack frames]]>
    </failure>
  </testcase> <!-- Add_Provisional_Service -->
  <testcase name="AddSite_plan_fromService" time="64.542" classname="Marketing_Project.Customer_Update">
    <failure type="java.lang.NullPointerException">
      <![CDATA[java.lang.NullPointerException
at Marketing_Project.Customer_Update.AddSite_plan_fromService(Customer_Update.java:255)
at java.util.concurrent.FutureTask.run(FutureTask.java:266)
at java.util.concurrent.ThreadPoolExecutor.runWorker(ThreadPoolExecutor.java:1149)
at java.util.concurrent.ThreadPoolExecutor$Worker.run(ThreadPoolExecutor.java:624)
at java.lang.Thread.run(Thread.java:748)
... Removed 16 stack frames]]>
    </failure>
  </testcase> <!-- AddSite_plan_fromService -->
  <testcase name="Other_plan" time="21.131" classname="Marketing_Project.Market_TOU_FIle_and_AddPlan"/>
  <testcase name="customer_Save_nd_Add_Provisioning_option" time="58.162" classname="Marketing_Project.Market_All_Cusotmer"/>
  <testcase name="Add_BillRun_Cycle" time="30.249" classname="Marketing_Project.Customer_Update"/>
  <testcase name="Edit_BillRUn" time="5.452" classname="Marketing_Project.Customer_Update"/>
</testsuite> <!-- open in chrome -->
